<?xml version="1.0" encoding="UTF-8"?>
<testng-results skipped="0" failed="0" ignored="0" total="2" passed="2">
  <reporter-output>
  </reporter-output>
  <suite name="Suite" duration-ms="106" started-at="2018-08-01T17:56:04Z" finished-at="2018-08-01T17:56:04Z">
    <groups>
    </groups>
    <test name="Test" duration-ms="106" started-at="2018-08-01T17:56:04Z" finished-at="2018-08-01T17:56:04Z">
      <class name="testpackage.TestClass">
        <test-method status="PASS" signature="m1()[pri:0, instance:testpackage.TestClass@5034c75a]" name="m1" duration-ms="33" started-at="2018-08-01T17:56:04Z" finished-at="2018-08-01T17:56:04Z">
          <reporter-output>
          </reporter-output>
        </test-method> <!-- m1 -->
      </class> <!-- testpackage.TestClass -->
      <class name="testpackage.TestClass2">
        <test-method status="PASS" signature="m1()[pri:0, instance:testpackage.TestClass2@7f9a81e8]" name="m1" duration-ms="2" started-at="2018-08-01T17:56:04Z" finished-at="2018-08-01T17:56:04Z">
          <reporter-output>
          </reporter-output>
        </test-method> <!-- m1 -->
      </class> <!-- testpackage.TestClass2 -->
    </test> <!-- Test -->
  </suite> <!-- Suite -->
</testng-results>
